[debug] [2022-12-21T12:49:25.308Z] ----------------------------------------------------------------------
[debug] [2022-12-21T12:49:25.310Z] Command:       /Users/pillaia/.nvm/versions/node/v19.3.0/bin/node /usr/local/bin/firebase init --debug
[debug] [2022-12-21T12:49:25.311Z] CLI Version:   11.19.0
[debug] [2022-12-21T12:49:25.311Z] Platform:      darwin
[debug] [2022-12-21T12:49:25.311Z] Node Version:  v19.3.0
[debug] [2022-12-21T12:49:25.311Z] Time:          Wed Dec 21 2022 13:49:25 GMT+0100 (Central European Standard Time)
[debug] [2022-12-21T12:49:25.312Z] ----------------------------------------------------------------------
[debug] 
[debug] [2022-12-21T12:49:25.314Z] >>> [apiv2][query] GET https://firebase-public.firebaseio.com/cli.json [none]
[debug] [2022-12-21T12:49:25.363Z] > command requires scopes: ["email","openid","https://www.googleapis.com/auth/cloudplatformprojects.readonly","https://www.googleapis.com/auth/firebase","https://www.googleapis.com/auth/cloud-platform"]
[debug] [2022-12-21T12:49:25.364Z] > authorizing via signed-in user (anishspillai@gmail.com)
[info] 
     ######## #### ########  ######## ########     ###     ######  ########
     ##        ##  ##     ## ##       ##     ##  ##   ##  ##       ##
     ######    ##  ########  ######   ########  #########  ######  ######
     ##        ##  ##    ##  ##       ##     ## ##     ##       ## ##
     ##       #### ##     ## ######## ########  ##     ##  ######  ########

You're about to initialize a Firebase project in this directory:

  /Users/pillaia/mall-of-groceries

[warn] ⚠  Unable to fetch the CLI MOTD and remote config. 
[debug] [2022-12-21T12:49:25.554Z] Failed to fetch MOTD FirebaseError: Failed to make request to https://firebase-public.firebaseio.com/cli.json
[error] 
[error] Error: Must select at least one feature. Use SPACEBAR to select features, or specify a feature by running firebase init [feature_name]
[debug] [2022-12-21T12:49:36.413Z] ----------------------------------------------------------------------
[debug] [2022-12-21T12:49:36.416Z] Command:       /Users/pillaia/.nvm/versions/node/v19.3.0/bin/node /usr/local/bin/firebase init --debug
[debug] [2022-12-21T12:49:36.416Z] CLI Version:   11.19.0
[debug] [2022-12-21T12:49:36.417Z] Platform:      darwin
[debug] [2022-12-21T12:49:36.417Z] Node Version:  v19.3.0
[debug] [2022-12-21T12:49:36.417Z] Time:          Wed Dec 21 2022 13:49:36 GMT+0100 (Central European Standard Time)
[debug] [2022-12-21T12:49:36.417Z] ----------------------------------------------------------------------
[debug] 
[debug] [2022-12-21T12:49:36.420Z] >>> [apiv2][query] GET https://firebase-public.firebaseio.com/cli.json [none]
[debug] [2022-12-21T12:49:36.468Z] > command requires scopes: ["email","openid","https://www.googleapis.com/auth/cloudplatformprojects.readonly","https://www.googleapis.com/auth/firebase","https://www.googleapis.com/auth/cloud-platform"]
[debug] [2022-12-21T12:49:36.468Z] > authorizing via signed-in user (anishspillai@gmail.com)
[info] 
     ######## #### ########  ######## ########     ###     ######  ########
     ##        ##  ##     ## ##       ##     ##  ##   ##  ##       ##
     ######    ##  ########  ######   ########  #########  ######  ######
     ##        ##  ##    ##  ##       ##     ## ##     ##       ## ##
     ##       #### ##     ## ######## ########  ##     ##  ######  ########

You're about to initialize a Firebase project in this directory:

  /Users/pillaia/mall-of-groceries

[warn] ⚠  Unable to fetch the CLI MOTD and remote config. 
[debug] [2022-12-21T12:49:36.648Z] Failed to fetch MOTD FirebaseError: Failed to make request to https://firebase-public.firebaseio.com/cli.json
[info] 
=== Project Setup
[info] 
[info] First, let's associate this project directory with a Firebase project.
[info] You can create multiple project aliases by running firebase use --add, 
[info] but for now we'll just set up a default project.
[info] 
[debug] [2022-12-21T12:49:44.380Z] >>> [apiv2][query] GET https://firebase.googleapis.com/v1beta1/projects pageSize=100
[debug] [2022-12-21T12:49:45.081Z] <<< [apiv2][status] GET https://firebase.googleapis.com/v1beta1/projects 200
[debug] [2022-12-21T12:49:45.081Z] <<< [apiv2][body] GET https://firebase.googleapis.com/v1beta1/projects [omitted]
[info] i  Using project mallofshopping-bbdaa (MallOfShopping) 
[info] 
=== Hosting Setup
[info] 
[info] Your public directory is the folder (relative to your project directory) that
[info] will contain Hosting assets to be uploaded with firebase deploy. If you
[info] have a build process for your assets, use your build's output directory.
[info] 
[debug] [2022-12-21T12:49:56.045Z] >>> [apiv2][query] GET https://www.gstatic.com/firebasejs/releases.json [none]
[debug] [2022-12-21T12:49:56.561Z] FetchError: request to https://www.gstatic.com/firebasejs/releases.json failed, reason: write EPROTO 00A6741101000000:error:0A000152:SSL routines:final_renegotiate:unsafe legacy renegotiation disabled:../deps/openssl/openssl/ssl/statem/extensions.c:922:

    at ClientRequest.<anonymous> (/usr/local/lib/node_modules/firebase-tools/node_modules/node-fetch/lib/index.js:1491:11)
    at ClientRequest.emit (node:events:513:28)
    at ClientRequest.emit (node:domain:489:12)
    at TLSSocket.socketErrorListener (node:_http_client:490:9)
    at TLSSocket.emit (node:events:513:28)
    at TLSSocket.emit (node:domain:489:12)
    at emitErrorNT (node:internal/streams/destroy:151:8)
    at emitErrorCloseNT (node:internal/streams/destroy:116:3)
    at process.processTicksAndRejections (node:internal/process/task_queues:82:21)
[error] 
[error] Error: Failed to make request to https://www.gstatic.com/firebasejs/releases.json
[debug] [2022-12-21T12:52:03.859Z] ----------------------------------------------------------------------
[debug] [2022-12-21T12:52:03.862Z] Command:       /Users/pillaia/.nvm/versions/node/v19.3.0/bin/node /usr/local/bin/firebase init --debug
[debug] [2022-12-21T12:52:03.862Z] CLI Version:   11.19.0
[debug] [2022-12-21T12:52:03.863Z] Platform:      darwin
[debug] [2022-12-21T12:52:03.863Z] Node Version:  v19.3.0
[debug] [2022-12-21T12:52:03.863Z] Time:          Wed Dec 21 2022 13:52:03 GMT+0100 (Central European Standard Time)
[debug] [2022-12-21T12:52:03.863Z] ----------------------------------------------------------------------
[debug] 
[debug] [2022-12-21T12:52:03.866Z] >>> [apiv2][query] GET https://firebase-public.firebaseio.com/cli.json [none]
[debug] [2022-12-21T12:52:03.915Z] > command requires scopes: ["email","openid","https://www.googleapis.com/auth/cloudplatformprojects.readonly","https://www.googleapis.com/auth/firebase","https://www.googleapis.com/auth/cloud-platform"]
[debug] [2022-12-21T12:52:03.916Z] > authorizing via signed-in user (anishspillai@gmail.com)
[info] 
     ######## #### ########  ######## ########     ###     ######  ########
     ##        ##  ##     ## ##       ##     ##  ##   ##  ##       ##
     ######    ##  ########  ######   ########  #########  ######  ######
     ##        ##  ##    ##  ##       ##     ## ##     ##       ## ##
     ##       #### ##     ## ######## ########  ##     ##  ######  ########

You're about to initialize a Firebase project in this directory:

  /Users/pillaia/mall-of-groceries

[warn] ⚠  Unable to fetch the CLI MOTD and remote config. 
[debug] [2022-12-21T12:52:04.108Z] Failed to fetch MOTD FirebaseError: Failed to make request to https://firebase-public.firebaseio.com/cli.json
[error] 
[error] Error: Must select at least one feature. Use SPACEBAR to select features, or specify a feature by running firebase init [feature_name]
[debug] [2022-12-21T12:55:56.060Z] ----------------------------------------------------------------------
[debug] [2022-12-21T12:55:56.063Z] Command:       /Users/pillaia/.nvm/versions/node/v19.3.0/bin/node /usr/local/bin/firebase init --debug
[debug] [2022-12-21T12:55:56.064Z] CLI Version:   11.19.0
[debug] [2022-12-21T12:55:56.064Z] Platform:      darwin
[debug] [2022-12-21T12:55:56.064Z] Node Version:  v19.3.0
[debug] [2022-12-21T12:55:56.064Z] Time:          Wed Dec 21 2022 13:55:56 GMT+0100 (Central European Standard Time)
[debug] [2022-12-21T12:55:56.064Z] ----------------------------------------------------------------------
[debug] 
[debug] [2022-12-21T12:55:56.067Z] >>> [apiv2][query] GET https://firebase-public.firebaseio.com/cli.json [none]
[debug] [2022-12-21T12:55:56.172Z] > command requires scopes: ["email","openid","https://www.googleapis.com/auth/cloudplatformprojects.readonly","https://www.googleapis.com/auth/firebase","https://www.googleapis.com/auth/cloud-platform"]
[debug] [2022-12-21T12:55:56.173Z] > authorizing via signed-in user (anishspillai@gmail.com)
[info] 
     ######## #### ########  ######## ########     ###     ######  ########
     ##        ##  ##     ## ##       ##     ##  ##   ##  ##       ##
     ######    ##  ########  ######   ########  #########  ######  ######
     ##        ##  ##    ##  ##       ##     ## ##     ##       ## ##
     ##       #### ##     ## ######## ########  ##     ##  ######  ########

You're about to initialize a Firebase project in this directory:

  /Users/pillaia/mall-of-groceries

Before we get started, keep in mind:

  * You are initializing within an existing Firebase project directory

[warn] ⚠  Unable to fetch the CLI MOTD and remote config. 
[debug] [2022-12-21T12:55:56.372Z] Failed to fetch MOTD FirebaseError: Failed to make request to https://firebase-public.firebaseio.com/cli.json
[info] 
=== Project Setup
[info] 
[info] First, let's associate this project directory with a Firebase project.
[info] You can create multiple project aliases by running firebase use --add, 
[info] but for now we'll just set up a default project.
[info] 
[debug] [2022-12-21T12:55:59.674Z] Using project from CLI flag: mallofshopping-bbdaa
[debug] [2022-12-21T12:55:59.675Z] >>> [apiv2][query] GET https://firebase.googleapis.com/v1beta1/projects/mallofshopping-bbdaa [none]
[debug] [2022-12-21T12:56:00.441Z] <<< [apiv2][status] GET https://firebase.googleapis.com/v1beta1/projects/mallofshopping-bbdaa 200
[debug] [2022-12-21T12:56:00.442Z] <<< [apiv2][body] GET https://firebase.googleapis.com/v1beta1/projects/mallofshopping-bbdaa {"projectId":"mallofshopping-bbdaa","projectNumber":"82856210743","displayName":"MallOfShopping","name":"projects/mallofshopping-bbdaa","resources":{"hostingSite":"mallofshopping-bbdaa","realtimeDatabaseInstance":"mallofshopping-bbdaa","storageBucket":"mallofshopping-bbdaa.appspot.com","locationId":"europe-west"},"state":"ACTIVE","etag":"1_aa9beb33-c78f-4316-939a-db1ff8e940fe"}
[info] i  Using project mallofshopping-bbdaa (MallOfShopping) 
[info] 
=== Hosting Setup
[info] 
[info] Your public directory is the folder (relative to your project directory) that
[info] will contain Hosting assets to be uploaded with firebase deploy. If you
[info] have a build process for your assets, use your build's output directory.
[info] 
[debug] [2022-12-21T12:56:14.223Z] >>> [apiv2][query] GET https://www.gstatic.com/firebasejs/releases.json [none]
[debug] [2022-12-21T12:56:14.625Z] FetchError: request to https://www.gstatic.com/firebasejs/releases.json failed, reason: write EPROTO 0076722001000000:error:0A000152:SSL routines:final_renegotiate:unsafe legacy renegotiation disabled:../deps/openssl/openssl/ssl/statem/extensions.c:922:

    at ClientRequest.<anonymous> (/usr/local/lib/node_modules/firebase-tools/node_modules/node-fetch/lib/index.js:1491:11)
    at ClientRequest.emit (node:events:513:28)
    at ClientRequest.emit (node:domain:489:12)
    at TLSSocket.socketErrorListener (node:_http_client:490:9)
    at TLSSocket.emit (node:events:513:28)
    at TLSSocket.emit (node:domain:489:12)
    at emitErrorNT (node:internal/streams/destroy:151:8)
    at emitErrorCloseNT (node:internal/streams/destroy:116:3)
    at process.processTicksAndRejections (node:internal/process/task_queues:82:21)
[error] 
[error] Error: Failed to make request to https://www.gstatic.com/firebasejs/releases.json
